<?xml version="1.0" encoding="UTF-8"?>
<!-- Generated by org.testng.reporters.JUnitReportReporter -->
<testsuite skipped="0" hostname="EPRURYAW0060" name="com.epam.test.calculator.ForParrallel" tests="2" failures="0" timestamp="16 Mar 2018 09:14:20 GMT" time="4.007" errors="0">
  <testcase name="parallelTest2" time="2.003" classname="com.epam.test.calculator.ForParrallel"/>
  <testcase name="parallelTest1" time="2.004" classname="com.epam.test.calculator.ForParrallel"/>
</testsuite> <!-- com.epam.test.calculator.ForParrallel -->
