<?xml version="1.0" encoding="UTF-8"?>
<!-- Generated by org.testng.reporters.JUnitReportReporter -->
<testsuite skipped="0" hostname="EPRURYAW0060" name="com.epam.test.calculator.suites.test.negative.BasicOperators" tests="3" failures="0" timestamp="19 Mar 2018 12:48:15 GMT" time="0.018" errors="1">
  <testcase name="exeptionSqrtNegativeNumber" time="0.005" classname="com.epam.test.calculator.suites.test.negative.BasicOperators"/>
  <testcase name="exeptionDivisionByZeroLongTest" time="0.006" classname="com.epam.test.calculator.suites.test.negative.BasicOperators"/>
  <testcase name="exeptionDivisionByZeroDoubleTest" time="0.007" classname="com.epam.test.calculator.suites.test.negative.BasicOperators">
    <error type="org.testng.TestException" message="
Method BasicOperators.exeptionDivisionByZeroDoubleTest()[pri:0, instance:com.epam.test.calculator.suites.test.negative.BasicOperators@5af3afd9] should have thrown an exception of type class java.lang.Exception">
      <![CDATA[org.testng.TestException: 
Method BasicOperators.exeptionDivisionByZeroDoubleTest()[pri:0, instance:com.epam.test.calculator.suites.test.negative.BasicOperators@5af3afd9] should have thrown an exception of type class java.lang.Exception
at org.testng.internal.ExpectedExceptionsHolder.noException(ExpectedExceptionsHolder.java:80)
at org.testng.internal.Invoker.considerExceptions(Invoker.java:1139)
at org.testng.internal.Invoker.invokeMethod(Invoker.java:612)
at org.testng.internal.Invoker.invokeTestMethod(Invoker.java:716)
at org.testng.internal.Invoker.invokeTestMethods(Invoker.java:988)
at org.testng.internal.TestMethodWorker.invokeTestMethods(TestMethodWorker.java:125)
at org.testng.internal.TestMethodWorker.run(TestMethodWorker.java:109)
at java.util.concurrent.ThreadPoolExecutor.runWorker(ThreadPoolExecutor.java:1149)
at java.util.concurrent.ThreadPoolExecutor$Worker.run(ThreadPoolExecutor.java:624)
at java.lang.Thread.run(Thread.java:748)
]]>
    </error>
  </testcase> <!-- exeptionDivisionByZeroDoubleTest -->
</testsuite> <!-- com.epam.test.calculator.suites.test.negative.BasicOperators -->
