<?xml version="1.0" encoding="UTF-8"?>
<!-- Generated by org.testng.reporters.JUnitReportReporter -->
<testsuite skipped="0" hostname="EPRURYAW0060" name="com.epam.test.calculator.ExceptionTests" tests="1" failures="0" timestamp="16 Mar 2018 07:26:58 GMT" time="0.013" errors="0">
  <testcase name="exeptionDivisionByZeroTest" time="0.013" classname="com.epam.test.calculator.ExceptionTests"/>
</testsuite> <!-- com.epam.test.calculator.ExceptionTests -->
