<?xml version="1.0" encoding="UTF-8"?>
<!-- Generated by org.testng.reporters.JUnitReportReporter -->
<testsuite skipped="0" hostname="EPRURYAW0060" name="com.epam.test.calculator.SumTests" tests="2" failures="0" timestamp="14 Mar 2018 13:14:07 GMT" time="0.009" errors="0">
  <testcase name="f" time="0.008" classname="com.epam.test.calculator.SumTests"/>
  <testcase name="f" time="0.001" classname="com.epam.test.calculator.SumTests"/>
</testsuite> <!-- com.epam.test.calculator.SumTests -->
