<?xml version="1.0" encoding="UTF-8"?>
<!-- Generated by org.testng.reporters.JUnitReportReporter -->
<testsuite hostname="EPRURYAW0060" failures="0" tests="2" name="mail.tests.SendLetterTest" time="17.068" errors="0" timestamp="24 Apr 2018 13:22:29 GMT" skipped="0">
  <testcase classname="mail.tests.SendLetterTest" name="sendLetter" time="5.703"/>
  <testcase classname="mail.tests.SendLetterTest" name="sendLetter" time="11.365"/>
</testsuite> <!-- mail.tests.SendLetterTest -->
